[4274:4309:0721/012842.160196:ERROR:dbus/bus.cc:408] Failed to connect to the bus: Failed to connect to socket /run/user/0/bus: Permission denied
[4274:4309:0721/012842.160372:ERROR:dbus/bus.cc:408] Failed to connect to the bus: Failed to connect to socket /run/user/0/bus: Permission denied
[4274:4309:0721/012842.160419:ERROR:dbus/bus.cc:408] Failed to connect to the bus: Failed to connect to socket /run/user/0/bus: Permission denied
[4274:4309:0721/012842.160458:ERROR:dbus/bus.cc:408] Failed to connect to the bus: Failed to connect to socket /run/user/0/bus: Permission denied
[4274:4309:0721/012843.067805:ERROR:dbus/bus.cc:408] Failed to connect to the bus: Failed to connect to socket /run/user/0/bus: Permission denied
[4274:4309:0721/012845.660856:ERROR:dbus/bus.cc:408] Failed to connect to the bus: Failed to connect to socket /run/user/0/bus: Permission denied

DevTools listening on ws://127.0.0.1:9222/devtools/browser/e250db35-2c4e-4bcf-b74b-2662f6ede843
[4274:4274:0721/012849.855892:ERROR:dbus/object_proxy.cc:590] Failed to call method: org.freedesktop.DBus.NameHasOwner: object_path= /org/freedesktop/DBus: unknown error type: 
[4274:4274:0721/012849.941745:ERROR:dbus/object_proxy.cc:590] Failed to call method: org.freedesktop.DBus.NameHasOwner: object_path= /org/freedesktop/DBus: unknown error type: 
[4274:4309:0721/012849.941905:ERROR:dbus/bus.cc:408] Failed to connect to the bus: Failed to connect to socket /run/user/0/bus: Permission denied
[4274:4309:0721/012849.941944:ERROR:dbus/bus.cc:408] Failed to connect to the bus: Failed to connect to socket /run/user/0/bus: Permission denied
[4274:4274:0721/012849.942981:ERROR:dbus/object_proxy.cc:590] Failed to call method: org.freedesktop.DBus.NameHasOwner: object_path= /org/freedesktop/DBus: unknown error type: 
[4274:4369:0721/012850.076186:ERROR:dbus/object_proxy.cc:590] Failed to call method: org.freedesktop.DBus.Properties.Get: object_path= /org/freedesktop/UPower: org.freedesktop.DBus.Error.ServiceUnknown: The name org.freedesktop.UPower was not provided by any .service files
[4274:4274:0721/012850.076215:ERROR:dbus/object_proxy.cc:590] Failed to call method: org.freedesktop.DBus.NameHasOwner: object_path= /org/freedesktop/DBus: unknown error type: 
[4274:4309:0721/012850.076322:ERROR:dbus/bus.cc:408] Failed to connect to the bus: Failed to connect to socket /run/user/0/bus: Permission denied
[4274:4274:0721/012850.076409:ERROR:dbus/object_proxy.cc:590] Failed to call method: org.freedesktop.DBus.NameHasOwner: object_path= /org/freedesktop/DBus: unknown error type: 
[4274:4369:0721/012850.076490:ERROR:dbus/object_proxy.cc:590] Failed to call method: org.freedesktop.UPower.GetDisplayDevice: object_path= /org/freedesktop/UPower: org.freedesktop.DBus.Error.ServiceUnknown: The name org.freedesktop.UPower was not provided by any .service files
[4274:4369:0721/012850.076730:ERROR:dbus/object_proxy.cc:590] Failed to call method: org.freedesktop.UPower.EnumerateDevices: object_path= /org/freedesktop/UPower: org.freedesktop.DBus.Error.ServiceUnknown: The name org.freedesktop.UPower was not provided by any .service files
[4274:4274:0721/012850.112462:ERROR:dbus/object_proxy.cc:590] Failed to call method: org.freedesktop.DBus.NameHasOwner: object_path= /org/freedesktop/DBus: unknown error type: 
Warning: vkCreateInstance: Found no drivers!
Warning: vkCreateInstance failed with VK_ERROR_INCOMPATIBLE_DRIVER
    at CheckVkSuccessImpl (../../third_party/dawn/src/dawn/native/vulkan/VulkanError.cpp:106)

Warning: Couldn't get proc eglChooseConfig
 - While trying to discover a BackendType::OpenGLES adapter.
    at LoadClientProcs (../../third_party/dawn/src/dawn/native/opengl/EGLFunctions.cpp:117)

Warning: vkCreateInstance: Found no drivers!
Warning: vkCreateInstance failed with VK_ERROR_INCOMPATIBLE_DRIVER
    at CheckVkSuccessImpl (../../third_party/dawn/src/dawn/native/vulkan/VulkanError.cpp:106)

[4410:4410:0721/013146.086375:ERROR:services/on_device_model/ml/gpu_blocklist.cc:120] Unable to get gpu adapter
[4274:4274:0721/013146.086621:ERROR:services/on_device_model/public/cpp/service_client.cc:36] Unexpected on_device_model service disconnect: The device's GPU is not supported.
